# JRE version: Java(TM) SE Runtime Environment (8.0_251-b08) (build 1.8.0_251-b08)
# Java VM: Java HotSpot(TM) 64-Bit Server VM (25.251-b08 mixed mode windows-amd64 compressed oops)
Heap:
 PSYoungGen      total 135168K, used 13648K [0x00000000d6000000, 0x00000000e2b00000, 0x0000000100000000)
  eden space 126976K, 10% used [0x00000000d6000000,0x00000000d6d54278,0x00000000ddc00000)
  from space 8192K, 0% used [0x00000000ddc00000,0x00000000ddc00000,0x00000000de400000)
  to   space 17920K, 0% used [0x00000000e1980000,0x00000000e1980000,0x00000000e2b00000)
 ParOldGen       total 100352K, used 29278K [0x0000000082000000, 0x0000000088200000, 0x00000000d6000000)
  object space 100352K, 29% used [0x0000000082000000,0x0000000083c978b0,0x0000000088200000)
 Metaspace       used 35295K, capacity 36660K, committed 36992K, reserved 1081344K
  class space    used 4554K, capacity 4870K, committed 4992K, reserved 1048576K
GC Heap History (10 events):
Event: 2.804 GC heap before
{Heap before GC invocations=5 (full 0):
 PSYoungGen      total 70656K, used 12099K [0x00000000d6000000, 0x00000000daa00000, 0x0000000100000000)
  eden space 65536K, 10% used [0x00000000d6000000,0x00000000d66d2058,0x00000000da000000)
  from space 5120K, 99% used [0x00000000da500000,0x00000000da9fed40,0x00000000daa00000)
  to   space 5120K, 0% used [0x00000000da000000,0x00000000da000000,0x00000000da500000)
 ParOldGen       total 86016K, used 986K [0x0000000082000000, 0x0000000087400000, 0x00000000d6000000)
  object space 86016K, 1% used [0x0000000082000000,0x00000000820f6a60,0x0000000087400000)
 Metaspace       used 20755K, capacity 21180K, committed 21296K, reserved 1069056K
  class space    used 2509K, capacity 2629K, committed 2688K, reserved 1048576K
Event: 2.812 GC heap after
Heap after GC invocations=5 (full 0):
 PSYoungGen      total 70656K, used 4665K [0x00000000d6000000, 0x00000000dec00000, 0x0000000100000000)
  eden space 65536K, 0% used [0x00000000d6000000,0x00000000d6000000,0x00000000da000000)
  from space 5120K, 91% used [0x00000000da000000,0x00000000da48e7d8,0x00000000da500000)
  to   space 6144K, 0% used [0x00000000de600000,0x00000000de600000,0x00000000dec00000)
 ParOldGen       total 86016K, used 994K [0x0000000082000000, 0x0000000087400000, 0x00000000d6000000)
  object space 86016K, 1% used [0x0000000082000000,0x00000000820f8a60,0x0000000087400000)
 Metaspace       used 20755K, capacity 21180K, committed 21296K, reserved 1069056K
  class space    used 2509K, capacity 2629K, committed 2688K, reserved 1048576K
}
Event: 2.812 GC heap before
{Heap before GC invocations=6 (full 1):
 PSYoungGen      total 70656K, used 4665K [0x00000000d6000000, 0x00000000dec00000, 0x0000000100000000)
  eden space 65536K, 0% used [0x00000000d6000000,0x00000000d6000000,0x00000000da000000)
  from space 5120K, 91% used [0x00000000da000000,0x00000000da48e7d8,0x00000000da500000)
  to   space 6144K, 0% used [0x00000000de600000,0x00000000de600000,0x00000000dec00000)
 ParOldGen       total 86016K, used 994K [0x0000000082000000, 0x0000000087400000, 0x00000000d6000000)
  object space 86016K, 1% used [0x0000000082000000,0x00000000820f8a60,0x0000000087400000)
 Metaspace       used 20755K, capacity 21180K, committed 21296K, reserved 1069056K
  class space    used 2509K, capacity 2629K, committed 2688K, reserved 1048576K
Event: 2.845 GC heap after
Heap after GC invocations=6 (full 1):
 PSYoungGen      total 70656K, used 0K [0x00000000d6000000, 0x00000000dec00000, 0x0000000100000000)
  eden space 65536K, 0% used [0x00000000d6000000,0x00000000d6000000,0x00000000da000000)
  from space 5120K, 0% used [0x00000000da000000,0x00000000da000000,0x00000000da500000)
  to   space 6144K, 0% used [0x00000000de600000,0x00000000de600000,0x00000000dec00000)
 ParOldGen       total 49152K, used 4598K [0x0000000082000000, 0x0000000085000000, 0x00000000d6000000)
  object space 49152K, 9% used [0x0000000082000000,0x000000008247d9b0,0x0000000085000000)
 Metaspace       used 20755K, capacity 21180K, committed 21296K, reserved 1069056K
  class space    used 2509K, capacity 2629K, committed 2688K, reserved 1048576K
}
Event: 4.040 GC heap before
{Heap before GC invocations=7 (full 1):
 PSYoungGen      total 70656K, used 65536K [0x00000000d6000000, 0x00000000dec00000, 0x0000000100000000)
  eden space 65536K, 100% used [0x00000000d6000000,0x00000000da000000,0x00000000da000000)
  from space 5120K, 0% used [0x00000000da000000,0x00000000da000000,0x00000000da500000)
  to   space 6144K, 0% used [0x00000000de600000,0x00000000de600000,0x00000000dec00000)
 ParOldGen       total 49152K, used 4598K [0x0000000082000000, 0x0000000085000000, 0x00000000d6000000)
  object space 49152K, 9% used [0x0000000082000000,0x000000008247d9b0,0x0000000085000000)
 Metaspace       used 28777K, capacity 29504K, committed 29696K, reserved 1075200K
  class space    used 3581K, capacity 3790K, committed 3840K, reserved 1048576K
Event: 4.052 GC heap after
Heap after GC invocations=7 (full 1):
 PSYoungGen      total 114176K, used 6123K [0x00000000d6000000, 0x00000000dec00000, 0x0000000100000000)
  eden space 108032K, 0% used [0x00000000d6000000,0x00000000d6000000,0x00000000dc980000)
  from space 6144K, 99% used [0x00000000de600000,0x00000000debfade0,0x00000000dec00000)
  to   space 8192K, 0% used [0x00000000ddc00000,0x00000000ddc00000,0x00000000de400000)
 ParOldGen       total 49152K, used 7663K [0x0000000082000000, 0x0000000085000000, 0x00000000d6000000)
  object space 49152K, 15% used [0x0000000082000000,0x000000008277bc00,0x0000000085000000)
 Metaspace       used 28777K, capacity 29504K, committed 29696K, reserved 1075200K
  class space    used 3581K, capacity 3790K, committed 3840K, reserved 1048576K
}
Event: 7.663 GC heap before
{Heap before GC invocations=8 (full 1):
 PSYoungGen      total 114176K, used 62965K [0x00000000d6000000, 0x00000000dec00000, 0x0000000100000000)
  eden space 108032K, 52% used [0x00000000d6000000,0x00000000d9782760,0x00000000dc980000)
  from space 6144K, 99% used [0x00000000de600000,0x00000000debfade0,0x00000000dec00000)
  to   space 8192K, 0% used [0x00000000ddc00000,0x00000000ddc00000,0x00000000de400000)
 ParOldGen       total 49152K, used 7663K [0x0000000082000000, 0x0000000085000000, 0x00000000d6000000)
  object space 49152K, 15% used [0x0000000082000000,0x000000008277bc00,0x0000000085000000)
 Metaspace       used 34129K, capacity 35330K, committed 35456K, reserved 1079296K
  class space    used 4382K, capacity 4663K, committed 4736K, reserved 1048576K
Event: 7.680 GC heap after
Heap after GC invocations=8 (full 1):
 PSYoungGen      total 135168K, used 8180K [0x00000000d6000000, 0x00000000e2b00000, 0x0000000100000000)
  eden space 126976K, 0% used [0x00000000d6000000,0x00000000d6000000,0x00000000ddc00000)
  from space 8192K, 99% used [0x00000000ddc00000,0x00000000de3fd3c8,0x00000000de400000)
  to   space 17920K, 0% used [0x00000000e1980000,0x00000000e1980000,0x00000000e2b00000)
 ParOldGen       total 49152K, used 24968K [0x0000000082000000, 0x0000000085000000, 0x00000000d6000000)
  object space 49152K, 50% used [0x0000000082000000,0x00000000838620f8,0x0000000085000000)
 Metaspace       used 34129K, capacity 35330K, committed 35456K, reserved 1079296K
  class space    used 4382K, capacity 4663K, committed 4736K, reserved 1048576K
}
Event: 7.680 GC heap before
{Heap before GC invocations=9 (full 2):
 PSYoungGen      total 135168K, used 8180K [0x00000000d6000000, 0x00000000e2b00000, 0x0000000100000000)
  eden space 126976K, 0% used [0x00000000d6000000,0x00000000d6000000,0x00000000ddc00000)
  from space 8192K, 99% used [0x00000000ddc00000,0x00000000de3fd3c8,0x00000000de400000)
  to   space 17920K, 0% used [0x00000000e1980000,0x00000000e1980000,0x00000000e2b00000)
 ParOldGen       total 49152K, used 24968K [0x0000000082000000, 0x0000000085000000, 0x00000000d6000000)
  object space 49152K, 50% used [0x0000000082000000,0x00000000838620f8,0x0000000085000000)
 Metaspace       used 34129K, capacity 35330K, committed 35456K, reserved 1079296K
  class space    used 4382K, capacity 4663K, committed 4736K, reserved 1048576K
Event: 7.724 GC heap after
Heap after GC invocations=9 (full 2):
 PSYoungGen      total 135168K, used 0K [0x00000000d6000000, 0x00000000e2b00000, 0x0000000100000000)
  eden space 126976K, 0% used [0x00000000d6000000,0x00000000d6000000,0x00000000ddc00000)
  from space 8192K, 0% used [0x00000000ddc00000,0x00000000ddc00000,0x00000000de400000)
  to   space 17920K, 0% used [0x00000000e1980000,0x00000000e1980000,0x00000000e2b00000)
 ParOldGen       total 100352K, used 29278K [0x0000000082000000, 0x0000000088200000, 0x00000000d6000000)
  object space 100352K, 29% used [0x0000000082000000,0x0000000083c978b0,0x0000000088200000)
 Metaspace       used 34129K, capacity 35330K, committed 35456K, reserved 1079296K
  class space    used 4382K, capacity 4663K, committed 4736K, reserved 1048576K
}

