<?xml version="1.0" encoding="UTF-8"?>
<testng-results skipped="0" failed="0" ignored="0" total="1" passed="1">
  <reporter-output>
  </reporter-output>
  <suite name="Dsalgo_Herokuapp" duration-ms="87707" started-at="2022-05-22T18:40:58 CDT" finished-at="2022-05-22T18:42:25 CDT">
    <groups>
    </groups>
    <test name="dsalgo" duration-ms="87707" started-at="2022-05-22T18:40:58 CDT" finished-at="2022-05-22T18:42:25 CDT">
      <class name="com.dsalgo.testcases.TC_Stack_006">
        <test-method status="PASS" signature="setup(java.lang.String)[pri:0, instance:com.dsalgo.testcases.TC_Stack_006@3e44f2a5]" name="setup" is-config="true" duration-ms="5497" started-at="2022-05-22T18:40:58 CDT" finished-at="2022-05-22T18:41:03 CDT">
          <params>
            <param index="0">
              <value>
                <![CDATA[chrome]]>
              </value>
            </param>
          </params>
          <reporter-output>
          </reporter-output>
        </test-method> <!-- setup -->
        <test-method status="PASS" signature="setUp()[pri:0, instance:com.dsalgo.testcases.TC_Stack_006@3e44f2a5]" name="setUp" is-config="true" duration-ms="45" started-at="2022-05-22T18:41:03 CDT" finished-at="2022-05-22T18:41:03 CDT">
          <reporter-output>
          </reporter-output>
        </test-method> <!-- setUp -->
        <test-method status="PASS" signature="linkStackTest()[pri:1, instance:com.dsalgo.testcases.TC_Stack_006@3e44f2a5]" name="linkStackTest" duration-ms="81188" started-at="2022-05-22T18:41:03 CDT" description="Operations" finished-at="2022-05-22T18:42:25 CDT">
          <reporter-output>
          </reporter-output>
        </test-method> <!-- linkStackTest -->
        <test-method status="PASS" signature="tearDown()[pri:0, instance:com.dsalgo.testcases.TC_Stack_006@3e44f2a5]" name="tearDown" is-config="true" duration-ms="678" started-at="2022-05-22T18:42:25 CDT" finished-at="2022-05-22T18:42:25 CDT">
          <reporter-output>
          </reporter-output>
        </test-method> <!-- tearDown -->
      </class> <!-- com.dsalgo.testcases.TC_Stack_006 -->
    </test> <!-- dsalgo -->
  </suite> <!-- Dsalgo_Herokuapp -->
</testng-results>
